<?xml version="1.0" encoding="UTF-8"?>
<testng-results ignored="0" total="1" passed="1" failed="0" skipped="0">
  <reporter-output>
  </reporter-output>
  <suite started-at="2025-07-23T14:42:23 IST" name="Default suite" finished-at="2025-07-23T14:42:46 IST" duration-ms="22672">
    <groups>
      <group name="cucumber">
        <method signature="AbstractTestNGCucumberTests.runScenario(io.cucumber.testng.PickleWrapper,io.cucumber.testng.FeatureWrapper)[pri:0, instance:testrunner.testrun@2118cddf]" name="runScenario" class="io.cucumber.testng.AbstractTestNGCucumberTests"/>
      </group> <!-- cucumber -->
    </groups>
    <test started-at="2025-07-23T14:42:23 IST" name="Default test" finished-at="2025-07-23T14:42:46 IST" duration-ms="22672">
      <class name="testrunner.testrun">
        <test-method is-config="true" signature="setUpClass(org.testng.ITestContext)[pri:0, instance:testrunner.testrun@2118cddf]" started-at="2025-07-23T14:42:24 IST" name="setUpClass" finished-at="2025-07-23T14:42:25 IST" duration-ms="1022" status="PASS">
          <params>
            <param index="0">
              <value>
                <![CDATA[org.testng.TestRunner@40fa8766]]>
              </value>
            </param>
          </params>
          <reporter-output>
          </reporter-output>
        </test-method> <!-- setUpClass -->
        <test-method signature="runScenario(io.cucumber.testng.PickleWrapper,io.cucumber.testng.FeatureWrapper)[pri:0, instance:testrunner.testrun@2118cddf]" started-at="2025-07-23T14:42:25 IST" name="runScenario" description="Runs Cucumber Scenarios" data-provider="scenarios" finished-at="2025-07-23T14:42:46 IST" duration-ms="21460" status="PASS">
          <params>
            <param index="0">
              <value>
                <![CDATA["add products to the cart"]]>
              </value>
            </param>
            <param index="1">
              <value>
                <![CDATA["Title of your feature"]]>
              </value>
            </param>
          </params>
          <reporter-output>
          </reporter-output>
        </test-method> <!-- runScenario -->
        <test-method is-config="true" signature="tearDownClass()[pri:0, instance:testrunner.testrun@2118cddf]" started-at="2025-07-23T14:42:46 IST" name="tearDownClass" finished-at="2025-07-23T14:42:46 IST" duration-ms="92" status="PASS">
          <reporter-output>
          </reporter-output>
        </test-method> <!-- tearDownClass -->
      </class> <!-- testrunner.testrun -->
    </test> <!-- Default test -->
  </suite> <!-- Default suite -->
</testng-results>
