<?xml version="1.0" encoding="UTF-8"?>
<testng-results ignored="0" total="0" passed="0" failed="0" skipped="0">
  <reporter-output>
  </reporter-output>
  <suite started-at="2025-07-21T23:24:40 IST" name="Default suite" finished-at="2025-07-21T23:24:41 IST" duration-ms="642">
    <groups>
      <group name="cucumber">
        <method signature="AbstractTestNGCucumberTests.runScenario(io.cucumber.testng.PickleWrapper,io.cucumber.testng.FeatureWrapper)[pri:0, instance:testrunner.testrun@15ca7889]" name="runScenario" class="io.cucumber.testng.AbstractTestNGCucumberTests"/>
      </group> <!-- cucumber -->
    </groups>
    <test started-at="2025-07-21T23:24:40 IST" name="Default test" finished-at="2025-07-21T23:24:41 IST" duration-ms="642">
      <class name="testrunner.testrun">
        <test-method is-config="true" signature="setUpClass(org.testng.ITestContext)[pri:0, instance:testrunner.testrun@15ca7889]" started-at="2025-07-21T23:24:40 IST" name="setUpClass" finished-at="2025-07-21T23:24:41 IST" duration-ms="561" status="FAIL">
          <params>
            <param index="0">
              <value>
                <![CDATA[org.testng.TestRunner@3a6f2de3]]>
              </value>
            </param>
          </params>
          <exception class="io.cucumber.core.gherkin.FeatureParserException">
            <message>
              <![CDATA[Failed to parse resource at: file:///C:/Automation/Cucumber/BDDCucumber/src/test/resources/features/productselect.feature
(4:3): expected: #TagLine, #RuleLine, #Comment, #Empty, got 'Background:  user login to application'
(5:5): expected: #TagLine, #RuleLine, #Comment, #Empty, got 'Given user on the login page'
(6:6): expected: #TagLine, #RuleLine, #Comment, #Empty, got 'When provided username and password'
(7:6): expected: #TagLine, #RuleLine, #Comment, #Empty, got 'And clicked on login'
(8:6): expected: #TagLine, #RuleLine, #Comment, #Empty, got 'Then user navigated to homepage'
(10:5): expected: #TagLine, #RuleLine, #Comment, #Empty, got 'Scenario:  adding product to the cart'
(11:7): expected: #TagLine, #RuleLine, #Comment, #Empty, got 'Given select the price high to low from drop down'
(12:7): expected: #TagLine, #RuleLine, #Comment, #Empty, got 'When add the highest priced item to the cart'
(13:7): expected: #TagLine, #RuleLine, #Comment, #Empty, got 'And the same item should be available in cart'
(14:7): expected: #TagLine, #RuleLine, #Comment, #Empty, got 'Then user should proceed with order by proving details'
(15:7): expected: #TagLine, #RuleLine, #Comment, #Empty, got 'And click on finish']]>
            </message>
            <full-stacktrace>
              <![CDATA[io.cucumber.core.gherkin.FeatureParserException: Failed to parse resource at: file:///C:/Automation/Cucumber/BDDCucumber/src/test/resources/features/productselect.feature
(4:3): expected: #TagLine, #RuleLine, #Comment, #Empty, got 'Background:  user login to application'
(5:5): expected: #TagLine, #RuleLine, #Comment, #Empty, got 'Given user on the login page'
(6:6): expected: #TagLine, #RuleLine, #Comment, #Empty, got 'When provided username and password'
(7:6): expected: #TagLine, #RuleLine, #Comment, #Empty, got 'And clicked on login'
(8:6): expected: #TagLine, #RuleLine, #Comment, #Empty, got 'Then user navigated to homepage'
(10:5): expected: #TagLine, #RuleLine, #Comment, #Empty, got 'Scenario:  adding product to the cart'
(11:7): expected: #TagLine, #RuleLine, #Comment, #Empty, got 'Given select the price high to low from drop down'
(12:7): expected: #TagLine, #RuleLine, #Comment, #Empty, got 'When add the highest priced item to the cart'
(13:7): expected: #TagLine, #RuleLine, #Comment, #Empty, got 'And the same item should be available in cart'
(14:7): expected: #TagLine, #RuleLine, #Comment, #Empty, got 'Then user should proceed with order by proving details'
(15:7): expected: #TagLine, #RuleLine, #Comment, #Empty, got 'And click on finish'
at io.cucumber.core.gherkin.messages.GherkinMessagesFeatureParser.parse(GherkinMessagesFeatureParser.java:56)
at io.cucumber.core.feature.FeatureParser.parseResource(FeatureParser.java:46)
at java.base/java.util.function.BiFunction.lambda$andThen$0(BiFunction.java:70)
at io.cucumber.core.resource.ResourceScanner.lambda$processResource$1(ResourceScanner.java:79)
at io.cucumber.core.resource.PathScanner$ResourceFileVisitor.visitFile(PathScanner.java:82)
at io.cucumber.core.resource.PathScanner$ResourceFileVisitor.visitFile(PathScanner.java:67)
at java.base/java.nio.file.Files.walkFileTree(Files.java:2799)
at io.cucumber.core.resource.PathScanner.findResourcesForPath(PathScanner.java:61)
at io.cucumber.core.resource.PathScanner.findResourcesForPath(PathScanner.java:54)
at io.cucumber.core.resource.PathScanner.findResourcesForUri(PathScanner.java:34)
at io.cucumber.core.resource.ResourceScanner.findResourcesForUri(ResourceScanner.java:61)
at io.cucumber.core.resource.ResourceScanner.scanForResourcesUri(ResourceScanner.java:134)
at io.cucumber.core.runtime.FeaturePathFeatureSupplier.loadFeatures(FeaturePathFeatureSupplier.java:62)
at io.cucumber.core.runtime.FeaturePathFeatureSupplier.get(FeaturePathFeatureSupplier.java:45)
at io.cucumber.testng.TestNGCucumberRunner.<init>(TestNGCucumberRunner.java:122)
at io.cucumber.testng.AbstractTestNGCucumberTests.setUpClass(AbstractTestNGCucumberTests.java:27)
at java.base/jdk.internal.reflect.DirectMethodHandleAccessor.invoke(DirectMethodHandleAccessor.java:103)
at java.base/java.lang.reflect.Method.invoke(Method.java:580)
at org.testng.internal.invokers.MethodInvocationHelper.invokeMethod(MethodInvocationHelper.java:141)
at org.testng.internal.invokers.MethodInvocationHelper.invokeMethodConsideringTimeout(MethodInvocationHelper.java:71)
at org.testng.internal.invokers.ConfigInvoker.invokeConfigurationMethod(ConfigInvoker.java:400)
at org.testng.internal.invokers.ConfigInvoker.invokeConfigurations(ConfigInvoker.java:333)
at org.testng.internal.invokers.TestMethodWorker.invokeBeforeClassMethods(TestMethodWorker.java:188)
at org.testng.internal.invokers.TestMethodWorker.run(TestMethodWorker.java:128)
at java.base/java.util.ArrayList.forEach(ArrayList.java:1596)
at org.testng.TestRunner.privateRun(TestRunner.java:741)
at org.testng.TestRunner.run(TestRunner.java:616)
at org.testng.SuiteRunner.runTest(SuiteRunner.java:421)
at org.testng.SuiteRunner.runSequentially(SuiteRunner.java:413)
at org.testng.SuiteRunner.privateRun(SuiteRunner.java:373)
at org.testng.SuiteRunner.run(SuiteRunner.java:312)
at org.testng.SuiteRunnerWorker.runSuite(SuiteRunnerWorker.java:52)
at org.testng.SuiteRunnerWorker.run(SuiteRunnerWorker.java:95)
at org.testng.TestNG.runSuitesSequentially(TestNG.java:1274)
at org.testng.TestNG.runSuitesLocally(TestNG.java:1208)
at org.testng.TestNG.runSuites(TestNG.java:1112)
at org.testng.TestNG.run(TestNG.java:1079)
at org.testng.remote.AbstractRemoteTestNG.run(AbstractRemoteTestNG.java:115)
at org.testng.remote.RemoteTestNG.initAndRun(RemoteTestNG.java:293)
at org.testng.remote.RemoteTestNG.main(RemoteTestNG.java:91)
]]>
            </full-stacktrace>
          </exception> <!-- io.cucumber.core.gherkin.FeatureParserException -->
          <reporter-output>
          </reporter-output>
        </test-method> <!-- setUpClass -->
        <test-method is-config="true" signature="tearDownClass()[pri:0, instance:testrunner.testrun@15ca7889]" started-at="2025-07-21T23:24:41 IST" name="tearDownClass" finished-at="2025-07-21T23:24:41 IST" duration-ms="4" status="PASS">
          <reporter-output>
          </reporter-output>
        </test-method> <!-- tearDownClass -->
      </class> <!-- testrunner.testrun -->
    </test> <!-- Default test -->
  </suite> <!-- Default suite -->
</testng-results>
